app/build/intermediates/manifest_merge_blame_file/debug/manifest-merger-blame-debug-report.txt
1<?xml version="1.0" encoding="utf-8"?>
2<manifest xmlns:android="http://schemas.android.com/apk/res/android"
3    package="com.universish.libre.keyboardtrigger"
4    android:versionCode="2"
5    android:versionName="2.0" >
6
7    <uses-sdk
8        android:minSdkVersion="24"
9        android:targetSdkVersion="36" />
10
11    <uses-permission android:name="android.permission.SYSTEM_ALERT_WINDOW" />
11-->src\main\AndroidManifest.xml:4:5-77
11-->src\main\AndroidManifest.xml:4:22-75
12    <uses-permission android:name="android.permission.FOREGROUND_SERVICE" />
12-->src\main\AndroidManifest.xml:5:5-76
12-->src\main\AndroidManifest.xml:5:22-74
13    <uses-permission android:name="android.permission.FOREGROUND_SERVICE_SPECIAL_USE" />
13-->src\main\AndroidManifest.xml:6:5-88
13-->src\main\AndroidManifest.xml:6:22-86
14    <uses-permission android:name="android.permission.POST_NOTIFICATIONS" />
14-->src\main\AndroidManifest.xml:7:5-76
14-->src\main\AndroidManifest.xml:7:22-74
15
16    <permission
16-->[androidx.core:core:1.12.0] AndroidManifest.xml:22:5-24:47
17        android:name="com.universish.libre.keyboardtrigger.DYNAMIC_RECEIVER_NOT_EXPORTED_PERMISSION"
17-->[androidx.core:core:1.12.0] AndroidManifest.xml:23:9-81
18        android:protectionLevel="signature" />
18-->[androidx.core:core:1.12.0] AndroidManifest.xml:24:9-44
19
20    <uses-permission android:name="com.universish.libre.keyboardtrigger.DYNAMIC_RECEIVER_NOT_EXPORTED_PERMISSION" />
20-->[androidx.core:core:1.12.0] AndroidManifest.xml:26:5-97
20-->[androidx.core:core:1.12.0] AndroidManifest.xml:26:22-94
21
22    <application
22-->src\main\AndroidManifest.xml:9:5-50:19
23        android:appComponentFactory="androidx.core.app.CoreComponentFactory"
23-->[androidx.core:core:1.12.0] AndroidManifest.xml:28:18-86
24        android:debuggable="true"
25        android:extractNativeLibs="false"
26        android:icon="@mipmap/ic_launcher"
26-->src\main\AndroidManifest.xml:11:9-43
27        android:label="Keyboard Trigger"
27-->src\main\AndroidManifest.xml:10:9-41
28        android:roundIcon="@mipmap/ic_launcher"
28-->src\main\AndroidManifest.xml:12:9-48
29        android:theme="@style/Theme.AppCompat.Light.NoActionBar" >
29-->src\main\AndroidManifest.xml:13:9-65
30        <service
30-->src\main\AndroidManifest.xml:15:9-23:19
31            android:name="com.universish.libre.keyboardtrigger.KeyboardTriggerAccessibilityService"
31-->src\main\AndroidManifest.xml:15:18-69
32            android:exported="false"
32-->src\main\AndroidManifest.xml:17:18-42
33            android:permission="android.permission.BIND_ACCESSIBILITY_SERVICE" >
33-->src\main\AndroidManifest.xml:16:18-84
34            <intent-filter>
34-->src\main\AndroidManifest.xml:18:13-20:29
35                <action android:name="android.accessibilityservice.AccessibilityService" />
35-->src\main\AndroidManifest.xml:19:17-92
35-->src\main\AndroidManifest.xml:19:25-89
36            </intent-filter>
37
38            <meta-data
38-->src\main\AndroidManifest.xml:21:13-22:79
39                android:name="android.accessibilityservice"
39-->src\main\AndroidManifest.xml:21:24-67
40                android:resource="@xml/accessibility_service_config" />
40-->src\main\AndroidManifest.xml:22:24-76
41        </service>
42        <service
42-->src\main\AndroidManifest.xml:25:9-27:45
43            android:name="com.universish.libre.keyboardtrigger.FloatingService"
43-->src\main\AndroidManifest.xml:25:18-49
44            android:exported="false"
44-->src\main\AndroidManifest.xml:27:18-42
45            android:foregroundServiceType="specialUse" />
45-->src\main\AndroidManifest.xml:26:18-60
46
47        <activity
47-->src\main\AndroidManifest.xml:29:9-142
48            android:name="com.universish.libre.keyboardtrigger.KeyboardShowActivity"
48-->src\main\AndroidManifest.xml:29:19-55
49            android:exported="true"
49-->src\main\AndroidManifest.xml:29:56-79
50            android:theme="@android:style/Theme.Translucent.NoTitleBar" />
50-->src\main\AndroidManifest.xml:29:80-139
51        <activity
51-->src\main\AndroidManifest.xml:31:9-36:20
52            android:name="com.universish.libre.keyboardtrigger.MainActivity"
52-->src\main\AndroidManifest.xml:31:19-47
53            android:excludeFromRecents="true"
53-->src\main\AndroidManifest.xml:31:72-105
54            android:exported="true"
54-->src\main\AndroidManifest.xml:31:48-71
55            android:taskAffinity="" >
55-->src\main\AndroidManifest.xml:31:106-129
56            <intent-filter>
56-->src\main\AndroidManifest.xml:32:13-35:29
57                <action android:name="android.intent.action.MAIN" />
57-->src\main\AndroidManifest.xml:33:17-69
57-->src\main\AndroidManifest.xml:33:25-66
58
59                <category android:name="android.intent.category.LAUNCHER" />
59-->src\main\AndroidManifest.xml:34:17-77
59-->src\main\AndroidManifest.xml:34:27-74
60            </intent-filter>
61        </activity>
62        <activity
62-->src\main\AndroidManifest.xml:38:9-75
63            android:name="com.universish.libre.keyboardtrigger.AboutActivity"
63-->src\main\AndroidManifest.xml:38:19-48
64            android:exported="true" />
64-->src\main\AndroidManifest.xml:38:49-72
65        <activity
65-->src\main\AndroidManifest.xml:39:9-78
66            android:name="com.universish.libre.keyboardtrigger.LicensesActivity"
66-->src\main\AndroidManifest.xml:39:19-51
67            android:exported="true" />
67-->src\main\AndroidManifest.xml:39:52-75
68        <activity
68-->src\main\AndroidManifest.xml:40:9-75
69            android:name="com.universish.libre.keyboardtrigger.DebugActivity"
69-->src\main\AndroidManifest.xml:40:19-48
70            android:exported="true" />
70-->src\main\AndroidManifest.xml:40:49-72
71
72        <!-- FileProvider for sharing debug reports -->
73        <provider
74            android:name="androidx.core.content.FileProvider"
74-->src\main\AndroidManifest.xml:44:13-62
75            android:authorities="com.universish.libre.keyboardtrigger.fileprovider"
75-->src\main\AndroidManifest.xml:45:13-64
76            android:exported="false"
76-->src\main\AndroidManifest.xml:46:13-37
77            android:grantUriPermissions="true" >
77-->src\main\AndroidManifest.xml:47:13-47
78            <meta-data
78-->src\main\AndroidManifest.xml:48:13-112
79                android:name="android.support.FILE_PROVIDER_PATHS"
79-->src\main\AndroidManifest.xml:48:24-74
80                android:resource="@xml/file_paths" />
80-->src\main\AndroidManifest.xml:48:75-109
81        </provider>
82        <provider
82-->[androidx.emoji2:emoji2:1.2.0] AndroidManifest.xml:24:9-32:20
83            android:name="androidx.startup.InitializationProvider"
83-->[androidx.emoji2:emoji2:1.2.0] AndroidManifest.xml:25:13-67
84            android:authorities="com.universish.libre.keyboardtrigger.androidx-startup"
84-->[androidx.emoji2:emoji2:1.2.0] AndroidManifest.xml:26:13-68
85            android:exported="false" >
85-->[androidx.emoji2:emoji2:1.2.0] AndroidManifest.xml:27:13-37
86            <meta-data
86-->[androidx.emoji2:emoji2:1.2.0] AndroidManifest.xml:29:13-31:52
87                android:name="androidx.emoji2.text.EmojiCompatInitializer"
87-->[androidx.emoji2:emoji2:1.2.0] AndroidManifest.xml:30:17-75
88                android:value="androidx.startup" />
88-->[androidx.emoji2:emoji2:1.2.0] AndroidManifest.xml:31:17-49
89            <meta-data
89-->[androidx.lifecycle:lifecycle-process:2.6.1] AndroidManifest.xml:29:13-31:52
90                android:name="androidx.lifecycle.ProcessLifecycleInitializer"
90-->[androidx.lifecycle:lifecycle-process:2.6.1] AndroidManifest.xml:30:17-78
91                android:value="androidx.startup" />
91-->[androidx.lifecycle:lifecycle-process:2.6.1] AndroidManifest.xml:31:17-49
92            <meta-data
92-->[androidx.profileinstaller:profileinstaller:1.3.0] AndroidManifest.xml:29:13-31:52
93                android:name="androidx.profileinstaller.ProfileInstallerInitializer"
93-->[androidx.profileinstaller:profileinstaller:1.3.0] AndroidManifest.xml:30:17-85
94                android:value="androidx.startup" />
94-->[androidx.profileinstaller:profileinstaller:1.3.0] AndroidManifest.xml:31:17-49
95        </provider>
96
97        <receiver
97-->[androidx.profileinstaller:profileinstaller:1.3.0] AndroidManifest.xml:34:9-52:20
98            android:name="androidx.profileinstaller.ProfileInstallReceiver"
98-->[androidx.profileinstaller:profileinstaller:1.3.0] AndroidManifest.xml:35:13-76
99            android:directBootAware="false"
99-->[androidx.profileinstaller:profileinstaller:1.3.0] AndroidManifest.xml:36:13-44
100            android:enabled="true"
100-->[androidx.profileinstaller:profileinstaller:1.3.0] AndroidManifest.xml:37:13-35
101            android:exported="true"
101-->[androidx.profileinstaller:profileinstaller:1.3.0] AndroidManifest.xml:38:13-36
102            android:permission="android.permission.DUMP" >
102-->[androidx.profileinstaller:profileinstaller:1.3.0] AndroidManifest.xml:39:13-57
103            <intent-filter>
103-->[androidx.profileinstaller:profileinstaller:1.3.0] AndroidManifest.xml:40:13-42:29
104                <action android:name="androidx.profileinstaller.action.INSTALL_PROFILE" />
104-->[androidx.profileinstaller:profileinstaller:1.3.0] AndroidManifest.xml:41:17-91
104-->[androidx.profileinstaller:profileinstaller:1.3.0] AndroidManifest.xml:41:25-88
105            </intent-filter>
106            <intent-filter>
106-->[androidx.profileinstaller:profileinstaller:1.3.0] AndroidManifest.xml:43:13-45:29
107                <action android:name="androidx.profileinstaller.action.SKIP_FILE" />
107-->[androidx.profileinstaller:profileinstaller:1.3.0] AndroidManifest.xml:44:17-85
107-->[androidx.profileinstaller:profileinstaller:1.3.0] AndroidManifest.xml:44:25-82
108            </intent-filter>
109            <intent-filter>
109-->[androidx.profileinstaller:profileinstaller:1.3.0] AndroidManifest.xml:46:13-48:29
110                <action android:name="androidx.profileinstaller.action.SAVE_PROFILE" />
110-->[androidx.profileinstaller:profileinstaller:1.3.0] AndroidManifest.xml:47:17-88
110-->[androidx.profileinstaller:profileinstaller:1.3.0] AndroidManifest.xml:47:25-85
111            </intent-filter>
112            <intent-filter>
112-->[androidx.profileinstaller:profileinstaller:1.3.0] AndroidManifest.xml:49:13-51:29
113                <action android:name="androidx.profileinstaller.action.BENCHMARK_OPERATION" />
113-->[androidx.profileinstaller:profileinstaller:1.3.0] AndroidManifest.xml:50:17-95
113-->[androidx.profileinstaller:profileinstaller:1.3.0] AndroidManifest.xml:50:25-92
114            </intent-filter>
115        </receiver>
116    </application>
117
118</manifest>